0 info it worked if it ends with ok
1 verbose cli [ '/usr/bin/node', '/usr/bin/npm', 'run', 'siren' ]
2 info using npm@3.10.10
3 info using node@v6.12.0
4 verbose run-script [ 'presiren', 'siren', 'postsiren' ]
5 info lifecycle Siren@0.5.0~presiren: Siren@0.5.0
6 silly lifecycle Siren@0.5.0~presiren: no script for presiren, continuing
7 info lifecycle Siren@0.5.0~siren: Siren@0.5.0
8 verbose lifecycle Siren@0.5.0~siren: unsafe-perm in lifecycle true
9 verbose lifecycle Siren@0.5.0~siren: PATH: /usr/lib/node_modules/npm/bin/node-gyp-bin:/home/mert/Documents/Github/Siren/node_modules/.bin:/home/mert/bin:/home/mert/.local/bin:/usr/local/sbin:/usr/local/bin:/usr/sbin:/usr/bin:/sbin:/bin:/usr/games:/usr/local/games:/snap/bin
10 verbose lifecycle Siren@0.5.0~siren: CWD: /home/mert/Documents/Github/Siren
11 silly lifecycle Siren@0.5.0~siren: Args: [ '-c', 'node server/start.js' ]
12 silly lifecycle Siren@0.5.0~siren: Returned: code: 1  signal: null
13 info lifecycle Siren@0.5.0~siren: Failed to exec siren script
14 verbose stack Error: Siren@0.5.0 siren: `node server/start.js`
14 verbose stack Exit status 1
14 verbose stack     at EventEmitter.<anonymous> (/usr/lib/node_modules/npm/lib/utils/lifecycle.js:255:16)
14 verbose stack     at emitTwo (events.js:106:13)
14 verbose stack     at EventEmitter.emit (events.js:191:7)
14 verbose stack     at ChildProcess.<anonymous> (/usr/lib/node_modules/npm/lib/utils/spawn.js:40:14)
14 verbose stack     at emitTwo (events.js:106:13)
14 verbose stack     at ChildProcess.emit (events.js:191:7)
14 verbose stack     at maybeClose (internal/child_process.js:920:16)
14 verbose stack     at Process.ChildProcess._handle.onexit (internal/child_process.js:230:5)
15 verbose pkgid Siren@0.5.0
16 verbose cwd /home/mert/Documents/Github/Siren
17 error Linux 4.10.0-38-generic
18 error argv "/usr/bin/node" "/usr/bin/npm" "run" "siren"
19 error node v6.12.0
20 error npm  v3.10.10
21 error code ELIFECYCLE
22 error Siren@0.5.0 siren: `node server/start.js`
22 error Exit status 1
23 error Failed at the Siren@0.5.0 siren script 'node server/start.js'.
23 error Make sure you have the latest version of node.js and npm installed.
23 error If you do, this is most likely a problem with the Siren package,
23 error not with npm itself.
23 error Tell the author that this fails on your system:
23 error     node server/start.js
23 error You can get information on how to open an issue for this project with:
23 error     npm bugs Siren
23 error Or if that isn't available, you can get their info via:
23 error     npm owner ls Siren
23 error There is likely additional logging output above.
24 verbose exit [ 1, true ]
